<?xml version="1.0" encoding="utf-8"?><testsuites name="pytest tests"><testsuite name="pytest" errors="0" failures="1" skipped="0" tests="12" time="6.106" timestamp="2026-05-20T17:05:06.429940+00:00" hostname="agent-env-bc058e54-3a12-4d65-a79a-2c43c6f94476"><testcase classname="backend.tests.test_pro_affiliate.TestProPackages" name="test_list_packages" time="0.550" /><testcase classname="backend.tests.test_pro_affiliate.TestAffiliateConfig" name="test_get_affiliate_config" time="0.096" /><testcase classname="backend.tests.test_pro_affiliate.TestProCheckout" name="test_checkout_no_auth" time="0.335" /><testcase classname="backend.tests.test_pro_affiliate.TestProCheckout" name="test_checkout_invalid_package" time="0.658" /><testcase classname="backend.tests.test_pro_affiliate.TestProCheckout" name="test_checkout_happy_path" time="1.764" /><testcase classname="backend.tests.test_pro_affiliate.TestProCheckout" name="test_checkout_yearly" time="0.527" /><testcase classname="backend.tests.test_pro_affiliate.TestProStatus" name="test_status_unknown_session" time="0.083" /><testcase classname="backend.tests.test_pro_affiliate.TestProStatus" name="test_status_pending_session" time="0.343"><failure message="AssertionError: Internal Server Error&#10;assert 500 == 200&#10; +  where 500 = &lt;Response [500]&gt;.status_code">backend/tests/test_pro_affiliate.py:147: in test_status_pending_session
    assert r.status_code == 200, r.text
E   AssertionError: Internal Server Error
E   assert 500 == 200
E    +  where 500 = &lt;Response [500]&gt;.status_code</failure></testcase><testcase classname="backend.tests.test_pro_affiliate.TestProStatus" name="test_idempotency_paid_does_not_double_extend" time="0.199" /><testcase classname="backend.tests.test_pro_affiliate.TestAuthMeProFields" name="test_me_returns_is_pro_and_pro_until" time="0.104" /><testcase classname="backend.tests.test_pro_affiliate.TestAuthMeProFields" name="test_me_is_pro_false_when_expired" time="0.099" /><testcase classname="backend.tests.test_pro_affiliate.TestStripeWebhook" name="test_webhook_endpoint_exists" time="0.099" /></testsuite></testsuites>