<?xml version="1.0" encoding="utf-8"?><testsuites name="pytest tests"><testsuite name="pytest" errors="0" failures="0" skipped="0" tests="17" time="5.938" timestamp="2026-05-20T16:37:37.720360+00:00" hostname="agent-env-bc058e54-3a12-4d65-a79a-2c43c6f94476"><testcase classname="backend.tests.test_game_deals.TestRoot" name="test_root" time="0.423" /><testcase classname="backend.tests.test_game_deals.TestDeals" name="test_get_stores" time="0.405" /><testcase classname="backend.tests.test_game_deals.TestDeals" name="test_get_deals_default" time="0.922" /><testcase classname="backend.tests.test_game_deals.TestDeals" name="test_get_deals_filters" time="0.439" /><testcase classname="backend.tests.test_game_deals.TestAuth" name="test_register_already_used" time="0.556" /><testcase classname="backend.tests.test_game_deals.TestAuth" name="test_login_success" time="0.418" /><testcase classname="backend.tests.test_game_deals.TestAuth" name="test_login_wrong_password" time="0.416" /><testcase classname="backend.tests.test_game_deals.TestAuth" name="test_me_with_token" time="0.055" /><testcase classname="backend.tests.test_game_deals.TestAuth" name="test_me_without_token" time="0.219" /><testcase classname="backend.tests.test_game_deals.TestProtectedNoAuth" name="test_wishlist_no_auth" time="0.405" /><testcase classname="backend.tests.test_game_deals.TestProtectedNoAuth" name="test_alerts_no_auth" time="0.392" /><testcase classname="backend.tests.test_game_deals.TestWishlist" name="test_add_wishlist" time="0.074" /><testcase classname="backend.tests.test_game_deals.TestWishlist" name="test_get_wishlist_contains" time="0.055" /><testcase classname="backend.tests.test_game_deals.TestWishlist" name="test_delete_wishlist" time="0.108" /><testcase classname="backend.tests.test_game_deals.TestAlerts" name="test_create_alert" time="0.075" /><testcase classname="backend.tests.test_game_deals.TestAlerts" name="test_list_alerts_has_current_price_fields" time="0.235" /><testcase classname="backend.tests.test_game_deals.TestAlerts" name="test_delete_alert" time="0.159" /></testsuite></testsuites>